<?xml version="1.0" encoding="UTF-8"?>
<testsuite xmlns:xsi="http://www.w3.org/2001/XMLSchema-instance" xsi:noNamespaceSchemaLocation="https://maven.apache.org/surefire/maven-surefire-plugin/xsd/surefire-test-report.xsd" name="testRunner.TestRunner" time="4.77" tests="5" errors="0" skipped="0" failures="0">
  <properties>
[...]
</properties>
  <testcase name="Admin can add new employee record #1" classname="Creates activtiy record" time="2.965"/>
  <testcase name="Admin can add new employee record #2" classname="Creates activtiy record" time="0.224"/>
  <testcase name="Admin can add new employee record #3" classname="Creates activtiy record" time="0.208"/>
  <testcase name="Admin can get details for queried employee #1(Verifies if employee/employee" classname="s) details are retreived sucessfully" time="0.197"/>
  <testcase name="Admin can get details for queried employee #2(Verifies if employee/employee" classname="s) details are retreived sucessfully" time="0.186"/>
</testsuite>